<?xml version="1.0" encoding="UTF-8"?>
<!-- Generated by org.testng.reporters.JUnitXMLReporter -->
<testsuite ignored="0" hostname="pramada" failures="0" tests="2" name="Test-Runner-1" time="12.905" errors="0" timestamp="2024-11-07T21:01:25 CST">
  <testcase classname="Products.AddProductToCartTest" name="removeProductTest" time="0.017"/>
  <testcase classname="Products.AddProductToCartTest" name="tc001_addSingleProductToCartTest" time="3.797"/>
</testsuite> <!-- Test-Runner-1 -->
