<?xml version="1.0" encoding="UTF-8"?>
<!-- Generated by org.testng.reporters.JUnitXMLReporter -->
<testsuite ignored="0" hostname="pramada" failures="0" tests="1" name="Test-Runner-2" time="5.984" errors="0" timestamp="2024-11-07T21:01:18 CST">
  <testcase classname="Products.RemoveProductTest" name="sampleTest" time="0.012"/>
</testsuite> <!-- Test-Runner-2 -->
