<?xml version="1.0" encoding="UTF-8"?>
<!-- Generated by org.testng.reporters.JUnitReportReporter -->
<testsuite hostname="pramada" failures="0" tests="1" name="Products.RemoveProductTest" time="1.262" errors="0" timestamp="2024-11-07T21:01:26 CST" skipped="0">
  <testcase classname="Products.RemoveProductTest" name="sampleTest" time="1.262"/>
  <system-out/>
</testsuite> <!-- Products.RemoveProductTest -->
