<?xml version="1.0" encoding="UTF-8"?>
<!-- Generated by org.testng.reporters.JUnitReportReporter -->
<testsuite hostname="pramada" failures="0" tests="1" name="practice.TestNgPractice" time="0.010" errors="0" timestamp="2024-11-07T20:04:18 CST" skipped="0">
  <testcase classname="practice.TestNgPractice" name="sampleTest" time="0.010"/>
  <system-out/>
</testsuite> <!-- practice.TestNgPractice -->
