<?xml version="1.0" encoding="UTF-8"?>
<!-- Generated by org.testng.reporters.JUnitReportReporter -->
<testsuite hostname="pramada" failures="0" tests="2" name="Products.AddProductToCartTest" time="5.605" errors="0" timestamp="2024-11-07T21:01:26 CST" skipped="0">
  <testcase classname="Products.AddProductToCartTest" name="removeProductTest" time="1.051"/>
  <system-out/>
  <testcase classname="Products.AddProductToCartTest" name="tc001_addSingleProductToCartTest" time="4.554"/>
  <system-out/>
</testsuite> <!-- Products.AddProductToCartTest -->
